[2016-03-07 22:34:05] START
[2016-03-07 22:34:31] CREATE db1.py: 0
[2016-03-07 22:34:43] EDIT Project/models/db1.py: 0
[2016-03-30 22:04:40] EDIT Project/models/db1.py: 3
[2016-03-30 22:10:03] EDIT Project/controllers/default.py: 3
[2016-03-30 22:12:00] CREATE default/insert_easy.html: 0
[2016-03-30 22:12:36] EDIT Project/views/default/insert_easy.html: 0
[2016-03-30 22:13:08] EDIT Project/views/default/insert_easy.html: -1
[2016-03-30 22:15:11] EDIT Project/views/default/insert_easy.html: -1
[2016-03-30 22:18:39] EDIT Project/controllers/default.py: -6
[2016-03-30 22:19:42] EDIT Project/views/default/insert_easy.html: 3
[2016-03-30 22:20:29] EDIT Project/controllers/default.py: 3
[2016-03-30 22:22:35] CREATE default/insert_moderate.html: 0
[2016-03-30 22:23:02] EDIT Project/controllers/default.py: 3
[2016-03-30 22:24:00] CREATE default/insert_difficult.html: 0
[2016-03-30 22:24:12] EDIT Project/views/default/insert_difficult.html: 2
[2016-03-30 22:24:23] EDIT Project/views/default/insert_moderate.html: 1
[2016-03-30 22:24:25] EDIT Project/views/default/insert_easy.html: 0
[2016-03-30 22:24:27] EDIT Project/models/db1.py: 0
[2016-03-30 22:24:29] EDIT Project/controllers/default.py: 0
[2016-03-30 22:24:32] EDIT Project/views/default/insert_difficult.html: 0
[2016-03-31 00:29:55] CREATE default/sample.html: 0
[2016-03-31 00:32:57] EDIT Project/views/default/sample.html: 8
[2016-03-31 00:33:42] EDIT Project/controllers/default.py: 2
[2016-03-31 00:37:15] EDIT Project/views/default/sample.html: -5
[2016-03-31 00:38:13] EDIT Project/views/default/sample.html: 0
[2016-03-31 00:40:53] EDIT Project/views/default/sample.html: 0
[2016-03-31 00:47:57] EDIT Project/views/default/sample.html: 8
[2016-03-31 00:49:27] EDIT Project/views/default/sample.html: 0
[2016-03-31 00:49:39] EDIT Project/views/default/sample.html: 0
[2016-03-31 00:50:42] EDIT Project/views/default/sample.html: 0
[2016-03-31 00:50:59] EDIT Project/views/default/sample.html: 0
[2016-03-31 00:51:27] EDIT Project/views/default/sample.html: 0
[2016-03-31 00:51:47] EDIT Project/views/default/sample.html: 0
[2016-03-31 00:52:05] EDIT Project/views/default/sample.html: 0
[2016-03-31 00:52:17] EDIT Project/views/default/sample.html: 0
[2016-03-31 00:52:20] EDIT Project/views/default/sample.html: 0
[2016-03-31 00:53:19] EDIT Project/views/default/sample.html: 0
[2016-03-31 00:53:51] EDIT Project/views/default/sample.html: 0
[2016-03-31 00:55:20] EDIT Project/views/default/sample.html: 0
[2016-03-31 00:55:47] EDIT Project/views/default/sample.html: 0
[2016-03-31 00:56:44] EDIT Project/views/default/sample.html: 0
[2016-04-02 10:12:12] EDIT Project/views/default/insert_difficult.html: -1
[2016-04-02 10:27:40] EDIT Project/controllers/default.py: 10
[2016-04-02 10:28:31] EDIT Project/controllers/default.py: 1
[2016-04-02 10:30:50] EDIT Project/controllers/default.py: 0
[2016-04-03 09:48:53] EDIT Project/views/default/insert_moderate.html: 0
[2016-04-03 09:49:12] EDIT Project/views/default/insert_difficult.html: 0
[2016-04-03 10:20:57] CREATE default/load_ques.html: 0
[2016-04-03 10:22:01] EDIT Project/controllers/default.py: 3
[2016-04-03 10:23:19] EDIT Project/views/default/load_ques.html: 0
[2016-04-03 10:24:22] EDIT Project/controllers/default.py: 1
[2016-04-03 10:24:45] EDIT Project/controllers/default.py: 0
[2016-04-03 10:25:45] EDIT Project/controllers/default.py: 0
[2016-04-03 10:26:08] EDIT Project/controllers/default.py: 0
[2016-04-03 10:26:32] EDIT Project/controllers/default.py: 0
[2016-04-03 10:27:08] CREATE default/start_test.html: 0
[2016-04-03 10:28:57] EDIT Project/views/default/start_test.html: 3
[2016-04-03 10:29:30] EDIT Project/controllers/default.py: 0
[2016-04-03 10:30:14] EDIT Project/views/default/start_test.html: 0
[2016-04-03 10:30:59] EDIT Project/views/default/start_test.html: 0
[2016-04-03 10:31:17] EDIT Project/views/default/start_test.html: 0
[2016-04-03 10:32:12] EDIT Project/views/default/start_test.html: 0
[2016-04-03 10:33:10] EDIT Project/controllers/default.py: 0
[2016-04-03 10:34:33] EDIT Project/controllers/default.py: 0
[2016-04-03 10:36:31] EDIT Project/controllers/default.py: -2
[2016-04-03 10:36:35] EDIT Project/views/default/load_ques.html: 0
[2016-04-03 10:36:37] EDIT Project/views/default/start_test.html: 0
[2016-04-03 10:38:08] EDIT Project/controllers/default.py: 1
[2016-04-03 10:38:30] EDIT Project/controllers/default.py: 0
[2016-04-03 10:38:38] EDIT Project/views/default/start_test.html: 0
[2016-04-03 10:38:58] EDIT Project/controllers/default.py: 1
[2016-04-03 10:39:20] EDIT Project/controllers/default.py: 0
[2016-04-03 10:39:28] EDIT Project/views/default/start_test.html: 0
[2016-04-03 10:41:08] EDIT Project/controllers/default.py: 2
[2016-04-03 10:41:14] EDIT Project/views/default/start_test.html: 0
[2016-04-03 10:42:21] EDIT Project/controllers/default.py: 0
[2016-04-03 10:43:37] EDIT Project/controllers/default.py: 0
[2016-04-03 10:43:44] EDIT Project/views/default/start_test.html: 0
[2016-04-03 10:44:31] EDIT Project/views/default/start_test.html: 0
[2016-04-03 10:44:41] EDIT Project/controllers/default.py: 0
[2016-04-03 10:44:51] EDIT Project/controllers/default.py: 0
[2016-04-03 10:45:45] EDIT Project/controllers/default.py: 1
[2016-04-03 10:55:58] EDIT Project/controllers/default.py: 9
[2016-04-03 12:52:38] EDIT Project/controllers/default.py: 1
[2016-04-03 12:53:03] EDIT Project/views/default/start_test.html: 0
[2016-04-03 12:53:11] EDIT Project/controllers/default.py: 0
[2016-04-03 13:02:51] EDIT Project/views/default/index.html: -46
[2016-04-03 13:04:09] EDIT Project/views/default/load_ques.html: -1
[2016-04-03 13:04:18] EDIT Project/views/default/start_test.html: -1
[2016-04-03 13:06:14] EDIT Project/views/default/load_ques.html: 0
[2016-04-03 13:37:54] EDIT Project/controllers/default.py: 0
[2016-04-03 13:38:15] EDIT Project/views/default/load_ques.html: 0
[2016-04-03 13:39:41] EDIT Project/controllers/default.py: 0
[2016-04-03 13:41:17] EDIT Project/controllers/default.py: 0
[2016-04-03 13:41:50] EDIT Project/views/default/start_test.html: 0
[2016-04-03 13:42:42] EDIT Project/views/default/load_ques.html: 3
[2016-04-03 13:43:20] EDIT Project/controllers/default.py: 1
[2016-04-03 13:43:48] EDIT Project/controllers/default.py: 0
[2016-04-03 13:43:53] EDIT Project/views/default/load_ques.html: 0
[2016-04-03 13:43:55] EDIT Project/views/default/start_test.html: 0
[2016-04-03 13:44:05] EDIT Project/controllers/default.py: 0
[2016-04-03 13:44:35] EDIT Project/controllers/default.py: 1
[2016-04-03 13:45:49] EDIT Project/controllers/default.py: 1
[2016-04-03 13:46:22] EDIT Project/controllers/default.py: -1
[2016-04-03 13:47:42] EDIT Project/controllers/default.py: 2
[2016-04-03 13:48:49] EDIT Project/controllers/default.py: 1
[2016-04-03 13:49:28] CREATE dummy.html: 0
[2016-04-03 13:51:46] EDIT Project/views/dummy.html: 0
[2016-04-03 13:52:12] EDIT Project/controllers/default.py: 1
[2016-04-03 13:56:20] EDIT Project/views/dummy.html: 0
[2016-04-03 13:56:26] EDIT Project/views/dummy.html: 3
[2016-04-03 14:01:15] EDIT Project/controllers/default.py: 1
[2016-04-03 14:01:30] EDIT Project/controllers/default.py: 0
[2016-04-03 14:02:25] EDIT Project/views/default/load_ques.html: 3
[2016-04-03 14:06:11] DELETE Project/views/dummy.html: -6
[2016-04-03 14:06:34] CREATE default/dummy.html: 0
[2016-04-03 14:11:51] EDIT Project/views/default/dummy.html: 3
[2016-04-03 14:12:10] EDIT Project/controllers/default.py: 0
[2016-04-03 14:12:22] EDIT Project/controllers/default.py: -1
[2016-04-03 14:13:30] EDIT Project/views/default/load_ques.html: 3
[2016-04-03 14:13:54] EDIT Project/views/default/dummy.html: 0
[2016-04-03 14:13:56] EDIT Project/views/default/start_test.html: 0
[2016-04-03 14:13:58] EDIT Project/controllers/default.py: 0
[2016-04-03 14:14:00] EDIT Project/views/default/load_ques.html: 0
[2016-04-03 14:24:12] EDIT Project/controllers/default.py: -4
[2016-04-03 14:24:38] DELETE Project/views/default/dummy.html: -6
[2016-04-03 14:25:05] EDIT Project/controllers/default.py: 1
[2016-04-03 14:25:38] EDIT Project/views/default/load_ques.html: 0
[2016-04-03 14:27:27] EDIT Project/views/default/load_ques.html: 1
[2016-04-02 23:13:02] EDIT Project/views/default/load_ques.html: 1
[2016-04-02 23:13:29] EDIT Project/views/default/load_ques.html: 0
[2016-04-02 23:21:14] EDIT Project/views/default/load_ques.html: 0
[2016-04-02 23:21:40] CREATE default/check_ans.html: 0
[2016-04-02 23:21:50] EDIT Project/views/default/load_ques.html: 0
[2016-04-02 23:21:52] EDIT Project/views/default/check_ans.html: 0
[2016-04-02 23:21:54] EDIT Project/controllers/default.py: 0
[2016-04-02 23:23:10] EDIT Project/views/default/load_ques.html: 3
[2016-04-02 23:24:14] EDIT Project/views/default/load_ques.html: 2
[2016-04-02 23:57:28] EDIT Project/views/default/load_ques.html: 0
[2016-04-02 23:58:02] EDIT Project/views/default/load_ques.html: 0
[2016-04-02 23:58:43] EDIT Project/views/default/load_ques.html: 0
[2016-04-03 00:00:14] EDIT Project/views/default/load_ques.html: 0
[2016-04-03 00:00:37] EDIT Project/controllers/default.py: 1
[2016-04-03 00:01:11] EDIT Project/views/default/check_ans.html: 1
[2016-04-03 00:02:01] EDIT Project/views/default/load_ques.html: 0
[2016-04-03 00:15:57] EDIT Project/views/default/check_ans.html: 1
[2016-04-03 00:18:18] EDIT Project/views/default/load_ques.html: -2
[2016-04-03 00:18:41] EDIT Project/views/default/check_ans.html: 0
[2016-04-03 00:18:43] EDIT Project/controllers/default.py: 3
[2016-04-03 00:18:45] EDIT Project/views/default/load_ques.html: 0
[2016-04-03 00:20:15] EDIT Project/controllers/default.py: 0
[2016-04-03 00:20:45] EDIT Project/controllers/default.py: 0
[2016-04-03 00:24:36] EDIT Project/controllers/default.py: -1
[2016-04-03 00:24:49] EDIT Project/views/default/check_ans.html: 0
[2016-04-03 00:25:15] EDIT Project/controllers/default.py: 0
[2016-04-03 00:26:46] EDIT Project/controllers/default.py: 2
[2016-04-03 00:27:22] EDIT Project/views/default/check_ans.html: 0
[2016-04-03 00:27:46] EDIT Project/controllers/default.py: 0
[2016-04-03 00:28:14] EDIT Project/controllers/default.py: 0
[2016-04-05 08:40:21] EDIT Project/controllers/default.py: 0
[2016-04-05 08:42:28] EDIT Project/views/default/start_test.html: 0
[2016-04-05 08:42:30] EDIT Project/views/default/load_ques.html: 0
[2016-04-05 08:43:38] EDIT Project/views/default/load_ques.html: 0
[2016-04-05 08:43:43] EDIT Project/views/default/start_test.html: 0
[2016-04-05 08:43:45] EDIT Project/controllers/default.py: -1
[2016-04-05 08:45:11] EDIT Project/controllers/default.py: 0
[2016-04-05 08:46:20] EDIT Project/controllers/default.py: 2
[2016-04-05 08:47:27] EDIT Project/views/default/load_ques.html: 0
[2016-04-05 08:47:47] EDIT Project/views/default/check_ans.html: 4
[2016-04-05 08:50:12] EDIT Project/controllers/default.py: -1
[2016-04-05 08:50:38] EDIT Project/controllers/default.py: -2
[2016-04-05 08:52:19] EDIT Project/controllers/default.py: 0
[2016-04-05 08:52:22] EDIT Project/views/default/load_ques.html: 0
[2016-04-05 08:52:24] EDIT Project/views/default/start_test.html: 0
[2016-04-05 08:52:26] EDIT Project/views/default/check_ans.html: 0
[2016-04-05 09:28:38] EDIT Project/controllers/default.py: 2
[2016-04-05 09:30:53] CREATE default/end_test.html: 0
[2016-04-05 09:31:42] EDIT Project/views/default/end_test.html: 4
[2016-04-05 09:32:47] EDIT Project/controllers/default.py: 5
[2016-04-05 09:32:59] EDIT Project/controllers/default.py: 1
[2016-04-05 09:33:11] EDIT Project/controllers/default.py: 0
[2016-04-05 09:36:22] EDIT Project/controllers/default.py: 12
[2016-04-05 09:38:35] EDIT Project/controllers/default.py: 5
[2016-04-05 09:40:28] EDIT Project/controllers/default.py: 0
[2016-04-06 15:24:10] EDIT Project/controllers/default.py: 6
[2016-04-06 15:30:53] EDIT Project/controllers/default.py: 7
[2016-04-06 15:31:39] EDIT Project/controllers/default.py: -2
[2016-04-06 15:35:12] EDIT Project/controllers/default.py: 1
[2016-04-06 15:38:15] EDIT Project/controllers/default.py: 1
[2016-04-06 15:38:25] EDIT Project/controllers/default.py: -1
[2016-04-06 15:39:07] EDIT Project/controllers/default.py: 3
[2016-04-06 15:40:44] EDIT Project/controllers/default.py: 1
[2016-04-06 21:44:31] CREATE end_test.html: 0
[2016-04-06 21:47:05] EDIT Project/views/default/load_ques.html: 1
[2016-04-06 22:20:04] EDIT Project/controllers/default.py: 16
[2016-04-06 22:20:31] EDIT Project/controllers/default.py: 1
[2016-04-06 22:20:54] EDIT Project/controllers/default.py: -4
[2016-04-06 22:21:14] EDIT Project/controllers/default.py: -2
[2016-04-06 22:21:25] EDIT Project/controllers/default.py: -1
[2016-04-06 22:21:33] EDIT Project/controllers/default.py: -4
[2016-04-06 22:21:41] EDIT Project/controllers/default.py: -1
[2016-04-06 22:24:02] EDIT Project/controllers/default.py: -2
[2016-04-06 22:25:04] EDIT Project/controllers/default.py: 0
[2016-04-06 22:25:58] EDIT Project/controllers/default.py: 0
[2016-04-06 22:27:41] EDIT Project/controllers/default.py: 0
[2016-04-06 22:28:16] EDIT Project/controllers/default.py: 0
[2016-04-06 22:31:53] EDIT Project/controllers/default.py: 1
[2016-04-06 22:33:07] EDIT Project/controllers/default.py: 1
[2016-04-06 22:34:12] EDIT Project/controllers/default.py: 0
[2016-04-06 22:35:52] EDIT Project/controllers/default.py: 0
[2016-04-06 22:59:58] EDIT Project/models/db1.py: 4
[2016-04-06 23:00:02] EDIT Project/models/db1.py: 0
[2016-04-06 23:15:48] EDIT Project/controllers/default.py: 11
[2016-04-06 23:16:17] EDIT Project/controllers/default.py: 0
[2016-04-06 23:17:18] CREATE default/display_your_form.html: 0
[2016-04-06 23:18:10] EDIT Project/views/default/display_your_form.html: 0
[2016-04-06 23:18:54] EDIT Project/views/default/display_your_form.html: -1
[2016-04-06 23:20:05] EDIT Project/views/default/display_your_form.html: 0
[2016-04-06 23:20:28] EDIT Project/views/default/display_your_form.html: 0
[2016-04-06 23:20:29] EDIT Project/views/default/display_your_form.html: 0
[2016-04-06 23:20:29] EDIT Project/views/default/display_your_form.html: 0
[2016-04-06 23:20:30] EDIT Project/views/default/display_your_form.html: 0
[2016-04-06 23:22:43] CREATE default/show.html: 0
[2016-04-06 23:23:02] EDIT Project/views/default/show.html: 5
[2016-04-06 23:23:32] EDIT Project/views/default/show.html: 0
[2016-04-06 23:24:04] EDIT Project/views/default/show.html: 0
[2016-04-06 23:24:47] EDIT Project/views/default/show.html: 1
[2016-04-06 23:25:06] EDIT Project/views/default/show.html: 0
[2016-04-06 23:26:14] EDIT Project/controllers/default.py: 0
[2016-04-06 23:53:27] EDIT Project/models/db1.py: 0
[2016-04-08 10:53:56] EDIT Project/controllers/default.py: 3
[2016-04-08 10:54:08] CREATE list_posts.html: 0
[2016-04-08 10:56:12] EDIT Project/views/list_posts.html: 10
[2016-04-08 10:58:53] CREATE default/list_posts.html: 0
[2016-04-08 10:59:26] EDIT Project/views/default/list_posts.html: 10
[2016-04-08 10:59:40] EDIT Project/views/default/list_posts.html: -1
[2016-04-08 11:01:27] EDIT Project/views/default/list_posts.html: 11
[2016-04-08 11:04:20] EDIT Project/models/db1.py: 0
[2016-04-08 11:05:34] EDIT Project/views/default/load_ques.html: 4
[2016-04-08 11:30:33] EDIT Project/controllers/default.py: 9
[2016-04-08 11:31:08] CREATE default/list_easy_words.html: 0
[2016-04-08 11:32:47] EDIT Project/views/default/list_easy_words.html: 9
[2016-04-08 13:51:11] EDIT Project/views/default/index.html: 183
[2016-04-08 13:52:33] EDIT Project/views/default/index.html: 1
[2016-04-08 13:52:55] CREATE default/styles.css: 0
[2016-04-08 13:53:51] EDIT Project/views/default/index.html: 0
[2016-04-08 13:53:58] EDIT Project/views/default/styles.css: 242
[2016-04-08 13:55:21] EDIT Project/views/default/index.html: 0
[2016-04-08 13:58:53] CREATE css/styles.css: 0
[2016-04-08 13:59:36] EDIT Project/static/css/styles.css: 242
[2016-04-08 14:00:40] EDIT Project/views/default/index.html: 0
[2016-04-08 14:13:09] EDIT Project/views/default/index.html: 0
[2016-04-08 14:31:19] EDIT Project/views/default/load_ques.html: 103
[2016-04-08 14:31:53] CREATE css/styles2.css: 0
[2016-04-08 14:32:16] EDIT Project/static/css/styles2.css: 83
[2016-04-08 14:33:20] EDIT Project/views/default/load_ques.html: 11
[2016-04-08 14:36:46] EDIT Project/views/default/load_ques.html: 10
[2016-04-08 14:46:10] EDIT Project/views/default/list_easy_words.html: 3
[2016-04-08 14:47:05] EDIT Project/views/default/list_easy_words.html: -2
[2016-04-08 14:47:39] EDIT Project/views/default/list_easy_words.html: -1
[2016-04-08 15:03:05] EDIT Project/views/default/list_easy_words.html: 123
[2016-04-08 15:06:07] EDIT Project/views/default/list_easy_words.html: 3
[2016-04-08 15:08:05] EDIT Project/views/default/list_easy_words.html: 12
[2016-04-08 15:08:05] EDIT Project/views/default/list_easy_words.html: 0
[2016-04-08 15:08:06] EDIT Project/views/default/list_easy_words.html: 0
[2016-04-08 15:08:06] EDIT Project/views/default/list_easy_words.html: 0
[2016-04-08 15:08:06] EDIT Project/views/default/list_easy_words.html: 0
[2016-04-08 15:08:07] EDIT Project/views/default/list_easy_words.html: 0
[2016-04-08 15:10:39] EDIT Project/views/default/list_easy_words.html: -26
[2016-04-08 15:11:17] EDIT Project/views/default/list_easy_words.html: -64
[2016-04-08 15:11:18] EDIT Project/views/default/list_easy_words.html: 0
[2016-04-08 15:11:18] EDIT Project/views/default/list_easy_words.html: 0
[2016-04-08 15:11:18] EDIT Project/views/default/list_easy_words.html: 0
[2016-04-08 15:12:25] EDIT Project/views/default/list_easy_words.html: 66
[2016-04-08 15:13:05] EDIT Project/views/default/list_easy_words.html: -114
[2016-04-08 15:13:51] EDIT Project/views/default/list_easy_words.html: -1
[2016-04-08 15:15:23] EDIT Project/views/default/list_easy_words.html: 113
[2016-04-08 15:16:55] EDIT Project/views/default/list_easy_words.html: 11
[2016-04-08 15:18:02] EDIT Project/views/default/list_easy_words.html: 2
[2016-04-08 15:18:25] EDIT Project/views/default/list_easy_words.html: 0
[2016-04-08 15:19:29] EDIT Project/views/default/list_easy_words.html: 0
[2016-04-08 15:20:40] EDIT Project/views/default/list_easy_words.html: -3
[2016-04-08 15:25:07] EDIT Project/views/default/list_easy_words.html: 0
[2016-04-08 15:27:21] EDIT Project/views/default/list_easy_words.html: 0
[2016-04-11 00:11:11] EDIT Project/views/default/index.html: 156
[2016-04-11 00:15:38] EDIT Project/views/default/index.html: 3
[2016-04-11 00:17:11] EDIT Project/views/default/index.html: 10
[2016-04-11 00:26:09] EDIT Project/views/default/index.html: 3
[2016-04-11 00:26:09] EDIT Project/views/default/index.html: 0
[2016-04-11 00:28:31] EDIT Project/views/default/index.html: 0
[2016-04-11 00:30:01] EDIT Project/views/default/index.html: 10
[2016-04-11 00:30:01] EDIT Project/views/default/index.html: 0
[2016-04-11 00:30:02] EDIT Project/views/default/index.html: 0
[2016-04-11 00:30:02] EDIT Project/views/default/index.html: 0
[2016-04-11 00:30:02] EDIT Project/views/default/index.html: 0
[2016-04-11 00:30:03] EDIT Project/views/default/index.html: 0
[2016-04-11 00:30:03] EDIT Project/views/default/index.html: 0
[2016-04-11 00:30:03] EDIT Project/views/default/index.html: 0
[2016-04-11 00:32:19] EDIT Project/views/default/index.html: -1
[2016-04-11 00:32:19] EDIT Project/views/default/index.html: 0
[2016-04-11 00:34:46] EDIT Project/views/default/index.html: 0
[2016-04-11 00:35:29] EDIT Project/views/default/index.html: 0
[2016-04-11 00:35:30] EDIT Project/views/default/index.html: 0
[2016-04-11 00:35:30] EDIT Project/views/default/index.html: 0
[2016-04-11 00:41:15] EDIT Project/views/default/index.html: -1
[2016-04-11 00:43:55] EDIT Project/views/default/index.html: 0
[2016-04-11 00:53:36] EDIT Project/views/default/index.html: -4
[2016-04-11 00:53:36] EDIT Project/views/default/index.html: 0
[2016-04-11 00:53:37] EDIT Project/views/default/index.html: 0
[2016-04-11 00:53:37] EDIT Project/views/default/index.html: 0
[2016-04-11 00:54:26] EDIT Project/views/default/index.html: 0
[2016-04-11 00:55:48] EDIT Project/views/default/index.html: 6
[2016-04-11 00:55:48] EDIT Project/views/default/index.html: 0
[2016-04-11 00:57:05] EDIT Project/views/default/index.html: -6
[2016-04-11 00:57:28] EDIT Project/views/default/index.html: 0
[2016-04-11 00:58:16] EDIT Project/views/default/index.html: -5
[2016-04-12 09:00:03] EDIT Project/views/default/index.html: 18
[2016-04-12 09:00:33] EDIT Project/views/default/index.html: 0
[2016-04-12 09:01:44] EDIT Project/views/default/index.html: -5
[2016-04-12 09:01:53] EDIT Project/views/default/index.html: 0
[2016-04-12 09:01:53] EDIT Project/views/default/index.html: 0
[2016-04-12 09:03:06] EDIT Project/views/default/index.html: -23
[2016-04-12 09:54:35] EDIT Project/views/default/load_ques.html: -15
[2016-04-12 10:02:56] CREATE css/ansbox.css: 0
[2016-04-12 10:03:14] EDIT Project/static/css/ansbox.css: 56
[2016-04-12 10:09:34] EDIT Project/views/default/load_ques.html: 25
[2016-04-12 10:09:35] EDIT Project/views/default/load_ques.html: 0
[2016-04-12 10:09:35] EDIT Project/views/default/load_ques.html: 0
[2016-04-12 10:09:36] EDIT Project/views/default/load_ques.html: 0
[2016-04-12 10:09:36] EDIT Project/views/default/load_ques.html: 0
[2016-04-12 10:09:36] EDIT Project/views/default/load_ques.html: 0
[2016-04-12 10:09:36] EDIT Project/views/default/load_ques.html: 0
[2016-04-12 10:09:36] EDIT Project/views/default/load_ques.html: 0
[2016-04-12 10:09:36] EDIT Project/views/default/load_ques.html: 0
[2016-04-12 10:10:25] EDIT Project/views/default/load_ques.html: 0
[2016-04-12 10:12:20] EDIT Project/views/default/load_ques.html: 0
[2016-04-12 10:12:21] EDIT Project/views/default/load_ques.html: 0
[2016-04-12 10:13:57] EDIT Project/static/css/styles2.css: 0
[2016-04-12 10:14:26] EDIT Project/static/css/styles2.css: 0
[2016-04-12 10:14:45] EDIT Project/static/css/styles2.css: 0
[2016-04-12 10:15:29] EDIT Project/static/css/styles2.css: -1
[2016-04-12 10:15:38] EDIT Project/static/css/styles2.css: 0
[2016-04-12 10:15:38] EDIT Project/static/css/styles2.css: 0
[2016-04-12 10:15:39] EDIT Project/static/css/styles2.css: 0
[2016-04-12 10:15:40] EDIT Project/static/css/styles2.css: 0
[2016-04-12 10:15:40] EDIT Project/static/css/styles2.css: 0
[2016-04-12 10:15:43] EDIT Project/views/default/load_ques.html: 0
[2016-04-12 10:15:43] EDIT Project/views/default/load_ques.html: 0
[2016-04-12 10:15:44] EDIT Project/views/default/load_ques.html: 0
[2016-04-12 10:18:41] EDIT Project/views/default/load_ques.html: 8
[2016-04-12 10:18:41] EDIT Project/views/default/load_ques.html: 0
[2016-04-12 10:18:41] EDIT Project/views/default/load_ques.html: 0
[2016-04-12 10:18:41] EDIT Project/views/default/load_ques.html: 0
[2016-04-12 10:18:42] EDIT Project/views/default/load_ques.html: 0
[2016-04-12 10:18:42] EDIT Project/views/default/load_ques.html: 0
[2016-04-12 10:20:15] EDIT Project/views/default/load_ques.html: 0
[2016-04-12 10:21:18] EDIT Project/views/default/load_ques.html: -4
[2016-04-12 10:22:30] EDIT Project/views/default/load_ques.html: 0
[2016-04-12 10:23:47] EDIT Project/controllers/default.py: 0
[2016-04-12 10:23:58] EDIT Project/controllers/default.py: 0
[2016-04-12 10:25:32] EDIT Project/controllers/default.py: 0
[2016-04-12 10:29:50] EDIT Project/views/default/index.html: -2
[2016-04-12 14:18:18] EDIT Project/views/default/index.html: 3
[2016-04-12 14:23:02] EDIT Project/controllers/default.py: 1
[2016-04-12 14:23:28] EDIT Project/views/default/check_ans.html: 6
[2016-04-12 14:28:43] EDIT Project/views/default/sample.html: 29
[2016-04-12 14:29:23] EDIT Project/controllers/default.py: 2
[2016-04-12 14:29:55] EDIT Project/views/default/sample.html: 0
[2016-04-12 14:31:47] EDIT Project/views/default/sample.html: 0
[2016-04-12 14:33:32] EDIT Project/views/default/load_ques.html: 0
[2016-04-12 14:35:47] EDIT Project/controllers/default.py: 0
[2016-04-12 14:51:18] EDIT Project/views/default/list_posts.html: 91
[2016-04-12 14:53:50] EDIT Project/views/default/list_posts.html: -40
[2016-04-12 14:54:18] EDIT Project/views/default/list_posts.html: -5
[2016-04-12 14:56:51] EDIT Project/views/default/list_posts.html: -3
[2016-04-12 15:00:02] EDIT Project/views/default/list_posts.html: 5
[2016-04-12 15:01:04] EDIT Project/views/default/list_posts.html: 0
[2016-04-12 15:02:30] EDIT Project/views/default/list_posts.html: 1
[2016-04-12 15:02:59] EDIT Project/views/default/list_posts.html: 0
[2016-04-12 15:06:47] EDIT Project/views/default/display_your_form.html: 61
[2016-04-12 15:07:12] EDIT Project/views/default/display_your_form.html: 0
[2016-04-12 15:08:06] EDIT Project/views/default/display_your_form.html: 3
[2016-04-12 15:08:19] EDIT Project/views/default/display_your_form.html: 0
[2016-04-12 15:08:31] EDIT Project/views/default/display_your_form.html: 0
[2016-04-12 15:10:23] EDIT Project/views/default/display_your_form.html: 3
[2016-04-12 15:10:44] EDIT Project/views/default/display_your_form.html: 0
[2016-04-12 15:12:09] EDIT Project/views/default/display_your_form.html: 0
[2016-04-12 22:05:02] EDIT Project/controllers/default.py: 1
[2016-04-12 22:06:10] EDIT Project/views/default/load_ques.html: 3
[2016-04-12 22:08:11] EDIT Project/views/default/load_ques.html: -3
[2016-04-12 22:09:35] EDIT Project/views/default/list_easy_words.html: -16
[2016-04-12 22:10:54] EDIT Project/views/default/list_easy_words.html: 0
[2016-04-12 22:11:41] EDIT Project/views/default/list_easy_words.html: 0
[2016-04-12 22:14:23] EDIT Project/static/css/styles2.css: 1
[2016-04-12 22:15:18] EDIT Project/views/default/list_easy_words.html: 0
[2016-04-12 22:15:23] EDIT Project/static/css/styles2.css: 0
[2016-04-12 22:16:57] EDIT Project/controllers/default.py: 1
[2016-04-12 22:51:02] EDIT Project/controllers/default.py: 8
[2016-04-12 22:53:28] EDIT Project/controllers/default.py: 0
[2016-04-13 22:25:24] EDIT Project/controllers/default.py: 21
[2016-04-13 22:27:14] EDIT Project/controllers/default.py: 0
[2016-04-13 22:28:18] EDIT Project/views/default/end_test.html: 4
[2016-04-13 22:28:54] CREATE default/show_ans.html: 0
[2016-04-13 22:29:57] EDIT Project/views/default/show_ans.html: 1
[2016-04-13 22:32:54] EDIT Project/views/default/show_ans.html: 5
[2016-04-13 22:36:42] EDIT Project/views/default/end_test.html: -1
[2016-04-13 22:37:09] EDIT Project/views/default/show_ans.html: -1
[2016-04-13 22:38:20] EDIT Project/views/default/show_ans.html: 3
[2016-04-13 22:38:46] EDIT Project/views/default/show_ans.html: 0
[2016-04-13 22:39:45] EDIT Project/views/default/end_test.html: 0
[2016-04-13 22:39:47] EDIT Project/views/default/show_ans.html: 0
[2016-04-13 22:39:50] EDIT Project/controllers/default.py: 0
[2016-04-15 10:18:48] EDIT Project/views/default/start_test.html: 64
[2016-04-15 10:19:27] EDIT Project/views/default/start_test.html: 0
[2016-04-15 10:25:07] EDIT Project/views/default/start_test.html: 13
[2016-04-15 10:26:15] EDIT Project/views/default/start_test.html: 3
[2016-04-15 10:26:54] EDIT Project/views/default/start_test.html: 0
[2016-04-15 10:28:03] EDIT Project/views/default/index.html: -2
[2016-04-15 10:29:45] EDIT Project/views/default/index.html: 0
[2016-04-15 10:30:36] EDIT Project/views/default/index.html: 0
[2016-04-15 10:31:10] CREATE default/word_listings.html: 0
[2016-04-15 10:33:45] EDIT Project/views/default/word_listings.html: 282
[2016-04-15 10:34:26] EDIT Project/controllers/default.py: 2
[2016-04-15 10:35:03] EDIT Project/views/default/word_listings.html: -3
[2016-04-15 10:35:27] EDIT Project/views/default/word_listings.html: 0
[2016-04-15 10:35:47] EDIT Project/views/default/word_listings.html: -1
[2016-04-15 10:37:15] EDIT Project/views/default/word_listings.html: 12
[2016-04-15 10:38:40] EDIT Project/views/default/word_listings.html: 3
[2016-04-15 10:41:13] EDIT Project/views/default/index.html: 0
[2016-04-15 10:42:14] EDIT Project/views/default/index.html: 0
[2016-04-15 10:42:28] EDIT Project/views/default/index.html: 0
[2016-04-15 10:42:42] EDIT Project/views/default/index.html: 0
[2016-04-15 10:44:19] EDIT Project/views/default/word_listings.html: 0
[2016-04-15 10:46:50] EDIT Project/views/default/index.html: 0
[2016-04-15 10:47:35] EDIT Project/views/default/index.html: 0
[2016-04-15 10:48:42] EDIT Project/views/default/list_posts.html: 0
[2016-04-15 10:50:24] EDIT Project/views/default/list_posts.html: 0
[2016-04-15 10:52:33] EDIT Project/views/default/display_your_form.html: -9
[2016-04-15 10:53:04] EDIT Project/views/default/display_your_form.html: 0
[2016-04-15 10:53:12] EDIT Project/views/default/display_your_form.html: -1
[2016-04-15 10:53:29] EDIT Project/views/default/display_your_form.html: 3
[2016-04-15 10:55:36] EDIT Project/controllers/default.py: 2
[2016-04-15 10:55:51] CREATE default/about_us.html: 0
[2016-04-15 10:56:35] EDIT Project/views/default/word_listings.html: -1
[2016-04-15 10:56:40] EDIT Project/views/default/about_us.html: 292
[2016-04-15 10:57:34] EDIT Project/views/default/about_us.html: -15
[2016-04-15 10:58:39] CREATE default/list_moderate_words.html: 0
[2016-04-15 10:59:14] EDIT Project/views/default/list_moderate_words.html: 102
[2016-04-15 11:00:24] EDIT Project/views/default/list_moderate_words.html: -23
[2016-04-15 11:01:24] EDIT Project/views/default/list_moderate_words.html: 0
[2016-04-15 11:02:00] EDIT Project/views/default/list_moderate_words.html: 0
[2016-04-15 11:02:41] CREATE default/list_difficult_words.html: 0
[2016-04-15 11:02:54] EDIT Project/views/default/list_difficult_words.html: 79
[2016-04-15 11:44:08] EDIT Project/views/default/show_ans.html: 2
[2016-04-17 10:36:01] EDIT Project/views/default/start_test.html: 0
[2016-04-17 10:38:47] EDIT Project/views/default/show_ans.html: 0
[2016-04-17 10:39:33] EDIT Project/views/default/end_test.html: 2
[2016-04-17 14:00:27] EDIT Project/controllers/default.py: 2
[2016-04-18 22:10:31] EDIT Project/views/default/word_listings.html: 0
[2016-04-18 22:12:37] EDIT Project/views/default/start_test.html: -8
[2016-04-18 22:13:59] EDIT Project/views/default/start_test.html: 3
[2016-04-18 22:15:32] EDIT Project/views/default/load_ques.html: 0
[2016-04-18 22:19:33] EDIT Project/views/default/index.html: 0
[2016-04-18 22:49:07] EDIT Project/views/default/end_test.html: 0
[2016-04-18 22:51:11] UPLOAD /home/skadoosh/web2py_new/applications/Project/static/profile.png: 49
[2016-04-18 22:51:19] DELETE Project/static/profile.png: -49
[2016-04-18 22:51:34] CREATE images/profile.png: 0
[2016-04-18 22:52:15] UPLOAD /home/skadoosh/web2py_new/applications/Project/static/images/profile.png: 49
[2016-04-18 22:53:13] EDIT Project/views/default/end_test.html: 21
[2016-04-18 22:53:40] EDIT Project/views/default/end_test.html: 0
[2016-04-18 22:55:27] DELETE Project/static/images/profile.png: -49
[2016-04-18 22:55:44] UPLOAD /home/skadoosh/web2py_new/applications/Project/static/images/profile.png: 49
[2016-04-18 22:56:22] EDIT Project/views/default/end_test.html: 0
[2016-04-18 22:58:11] EDIT Project/views/default/end_test.html: 0
[2016-04-18 23:03:55] EDIT Project/views/default/end_test.html: 0
[2016-04-18 23:06:22] EDIT Project/views/default/end_test.html: 0
[2016-04-18 23:06:53] EDIT Project/views/default/end_test.html: 0
[2016-04-18 23:07:04] EDIT Project/views/default/end_test.html: 0
[2016-04-18 23:08:33] EDIT Project/views/default/index.html: 0
[2016-04-18 23:09:38] EDIT Project/views/default/index.html: 0
[2016-04-18 23:10:28] EDIT Project/views/default/index.html: -2
[2016-04-18 23:10:52] EDIT Project/views/default/index.html: -1
[2016-04-18 23:11:05] EDIT Project/views/default/index.html: 0
[2016-04-18 23:12:02] EDIT Project/views/default/index.html: 0
[2016-04-18 23:13:56] EDIT Project/views/default/end_test.html: 3
[2016-04-18 23:14:46] EDIT Project/views/default/end_test.html: 1
[2016-04-18 23:15:25] EDIT Project/views/default/end_test.html: -2
[2016-04-18 23:16:15] EDIT Project/views/default/end_test.html: 0
[2016-04-18 23:16:32] EDIT Project/views/default/end_test.html: 0
[2016-04-18 23:16:46] EDIT Project/views/default/end_test.html: 0
[2016-04-18 23:17:08] EDIT Project/views/default/end_test.html: 0
[2016-04-18 23:25:25] EDIT Project/views/default/load_ques.html: -9
[2016-04-18 23:27:13] EDIT Project/views/default/load_ques.html: 9
[2016-04-18 23:27:14] EDIT Project/views/default/load_ques.html: 0
[2016-04-18 23:27:14] EDIT Project/views/default/load_ques.html: 0
[2016-04-18 23:27:14] EDIT Project/views/default/load_ques.html: 0
[2016-04-18 23:29:41] EDIT Project/views/default/load_ques.html: 0
[2016-04-18 23:29:42] EDIT Project/views/default/load_ques.html: 0
[2016-04-18 23:29:42] EDIT Project/views/default/load_ques.html: 0
[2016-04-18 23:29:42] EDIT Project/views/default/load_ques.html: 0
[2016-04-18 23:29:42] EDIT Project/views/default/load_ques.html: 0
[2016-04-18 23:29:43] EDIT Project/views/default/load_ques.html: 0
[2016-04-18 23:29:43] EDIT Project/views/default/load_ques.html: 0
[2016-04-18 23:29:43] EDIT Project/views/default/load_ques.html: 0
[2016-04-18 23:31:18] EDIT Project/views/default/load_ques.html: -2
[2016-04-18 23:31:48] EDIT Project/views/default/load_ques.html: -3
[2016-04-18 23:32:17] EDIT Project/views/default/load_ques.html: 3
[2016-04-18 23:32:58] EDIT Project/views/default/load_ques.html: -4
[2016-04-18 23:33:09] EDIT Project/views/default/load_ques.html: 0
[2016-04-18 23:36:57] EDIT Project/views/default/load_ques.html: 0
[2016-04-18 23:40:33] EDIT Project/views/default/show_ans.html: 61
[2016-04-18 23:43:46] EDIT Project/views/default/show_ans.html: 23
[2016-04-18 23:44:35] EDIT Project/views/default/end_test.html: 1
[2016-04-18 23:47:32] EDIT Project/views/default/show_ans.html: 11
[2016-04-18 23:48:47] EDIT Project/views/default/show_ans.html: 0
[2016-04-18 23:49:36] EDIT Project/views/default/show_ans.html: -7
[2016-04-18 23:51:38] EDIT Project/views/default/show_ans.html: -11
[2016-04-18 23:52:43] EDIT Project/views/default/show_ans.html: 0
[2016-04-19 02:37:35] EDIT Project/views/default/index.html: 1
[2016-04-19 02:39:03] EDIT Project/views/default/index.html: 0
[2016-04-19 02:40:09] EDIT Project/views/default/index.html: -3
[2016-04-19 02:40:44] EDIT Project/views/default/index.html: -1
[2016-04-19 02:40:50] EDIT Project/views/default/index.html: 0
[2016-04-19 02:42:12] EDIT Project/views/default/index.html: 0
[2016-04-19 02:42:13] EDIT Project/views/default/index.html: 0
[2016-04-19 02:43:55] EDIT Project/views/default/index.html: -1
[2016-04-19 02:43:56] EDIT Project/views/default/index.html: 0
[2016-04-19 02:46:01] EDIT Project/views/default/index.html: 0
[2016-04-19 02:46:01] EDIT Project/views/default/index.html: 0
[2016-04-19 02:46:01] EDIT Project/views/default/index.html: 0
[2016-04-19 02:46:02] EDIT Project/views/default/index.html: 0
[2016-04-19 02:46:02] EDIT Project/views/default/index.html: 0
[2016-04-19 02:47:21] EDIT Project/views/default/index.html: 1
[2016-04-19 02:47:22] EDIT Project/views/default/index.html: 0
[2016-04-19 02:47:22] EDIT Project/views/default/index.html: 0
[2016-04-19 02:47:22] EDIT Project/views/default/index.html: 0
[2016-04-19 02:47:22] EDIT Project/views/default/index.html: 0
[2016-04-19 02:47:23] EDIT Project/views/default/index.html: 0
[2016-04-19 02:47:23] EDIT Project/views/default/index.html: 0
[2016-04-19 02:47:23] EDIT Project/views/default/index.html: 0
[2016-04-19 02:47:23] EDIT Project/views/default/index.html: 0
[2016-04-19 02:47:23] EDIT Project/views/default/index.html: 0
[2016-04-19 02:47:23] EDIT Project/views/default/index.html: 0
[2016-04-19 02:47:24] EDIT Project/views/default/index.html: 0
[2016-04-19 02:48:30] EDIT Project/views/default/index.html: 0
[2016-04-19 02:52:53] EDIT Project/views/default/show_ans.html: 0
[2016-04-19 02:52:54] EDIT Project/views/default/show_ans.html: 0
[2016-04-19 02:55:09] EDIT Project/views/default/show_ans.html: 0
[2016-04-19 02:55:09] EDIT Project/views/default/show_ans.html: 0
[2016-04-19 02:57:40] EDIT Project/views/default/show_ans.html: 108
[2016-04-19 02:57:40] EDIT Project/views/default/show_ans.html: 0
[2016-04-19 03:05:52] EDIT Project/views/default/show_ans.html: 0
[2016-04-19 03:05:52] EDIT Project/views/default/show_ans.html: 0
[2016-04-19 03:05:53] EDIT Project/views/default/show_ans.html: 0
[2016-04-19 03:06:24] EDIT Project/views/default/show_ans.html: -3
[2016-04-19 03:07:33] EDIT Project/views/default/show_ans.html: -6
[2016-04-19 03:09:41] EDIT Project/views/default/show_ans.html: 0
[2016-04-19 03:09:42] EDIT Project/views/default/show_ans.html: 0
[2016-04-19 03:13:07] EDIT Project/views/default/show_ans.html: 3
[2016-04-19 03:13:08] EDIT Project/views/default/show_ans.html: 0
[2016-04-19 03:13:08] EDIT Project/views/default/show_ans.html: 0
[2016-04-19 03:14:15] EDIT Project/views/default/show_ans.html: 0
[2016-04-19 03:14:15] EDIT Project/views/default/show_ans.html: 0
[2016-04-19 03:19:56] EDIT Project/views/default/show_ans.html: 0
[2016-04-19 03:21:44] EDIT Project/views/default/show_ans.html: 0
[2016-04-19 03:21:45] EDIT Project/views/default/show_ans.html: 0
[2016-04-19 03:23:04] EDIT Project/views/default/list_easy_words.html: 3
[2016-04-19 03:23:04] EDIT Project/views/default/list_easy_words.html: 0
[2016-04-19 03:23:05] EDIT Project/views/default/list_easy_words.html: 0
[2016-04-19 03:23:05] EDIT Project/views/default/list_easy_words.html: 0
[2016-04-19 03:23:05] EDIT Project/views/default/list_easy_words.html: 0
[2016-04-19 03:23:05] EDIT Project/views/default/list_easy_words.html: 0
[2016-04-19 03:25:23] EDIT Project/views/default/list_easy_words.html: -9
[2016-04-19 03:25:51] EDIT Project/views/default/list_easy_words.html: 0
[2016-04-19 03:26:11] EDIT Project/views/default/list_difficult_words.html: 0
[2016-04-19 03:26:11] EDIT Project/views/default/list_difficult_words.html: 0
[2016-04-19 03:27:10] EDIT Project/views/default/load_ques.html: 3
[2016-04-19 03:29:22] EDIT Project/views/default/load_ques.html: 0
[2016-04-19 03:29:29] EDIT Project/views/default/load_ques.html: 0
[2016-04-19 03:29:33] EDIT Project/views/default/load_ques.html: 0
[2016-04-20 09:18:55] EDIT Project/controllers/default.py: 0
[2016-04-20 09:20:16] EDIT Project/views/default/about_us.html: 3
[2016-04-20 09:22:45] EDIT Project/views/default/about_us.html: 9
[2016-04-20 09:27:53] EDIT Project/views/default/about_us.html: 20
[2016-04-20 09:29:45] EDIT Project/views/default/about_us.html: 6
[2016-04-20 09:30:21] EDIT Project/views/default/about_us.html: -6
[2016-04-20 09:30:47] EDIT Project/views/default/about_us.html: -3
[2016-04-20 09:31:55] EDIT Project/views/default/about_us.html: -1
[2016-04-20 09:33:16] EDIT Project/views/default/index.html: 0
[2016-04-20 09:33:43] EDIT Project/views/default/index.html: 0
[2016-04-20 09:34:45] EDIT Project/views/default/index.html: 3
[2016-04-20 09:35:13] EDIT Project/views/default/index.html: 0
[2016-04-20 09:35:59] EDIT Project/views/default/about_us.html: 3
[2016-04-20 09:38:47] EDIT Project/views/default/word_listings.html: 2
[2016-04-20 09:39:44] EDIT Project/views/default/list_difficult_words.html: 14
[2016-04-20 09:47:28] EDIT Project/views/default/show_ans.html: 6
[2016-04-20 09:47:49] EDIT Project/views/default/show_ans.html: 0
[2016-04-20 09:48:03] EDIT Project/views/default/show_ans.html: 0
[2016-04-20 09:50:10] EDIT Project/views/default/list_moderate_words.html: 14
[2016-04-21 12:01:52] CREATE default/easy_deck.html: 0
[2016-04-21 12:05:41] EDIT Project/controllers/default.py: 48
[2016-04-21 12:06:06] EDIT Project/controllers/default.py: 0
[2016-04-21 12:07:15] EDIT Project/views/default/easy_deck.html: 131
[2016-04-21 12:11:13] EDIT Project/controllers/default.py: 22
[2016-04-21 12:11:26] EDIT Project/controllers/default.py: 0
[2016-04-21 12:12:20] CREATE default/deck_page.html: 0
[2016-04-21 12:15:07] EDIT Project/views/default/deck_page.html: 83
[2016-04-21 12:52:19] EDIT Project/views/default/list_easy_words.html: 3
[2016-04-21 12:53:33] EDIT Project/views/default/list_difficult_words.html: 3
[2016-04-21 12:53:45] EDIT Project/views/default/list_moderate_words.html: 3
[2016-04-20 13:14:15] EDIT Project/views/default/word_listings.html: 3
[2016-04-20 13:15:49] EDIT Project/views/default/deck_page.html: 0
[2016-04-20 13:16:14] EDIT Project/views/default/start_test.html: 0
[2016-04-20 13:16:36] EDIT Project/views/default/deck_page.html: 0
[2016-04-20 13:17:50] EDIT Project/views/default/list_posts.html: 0
[2016-04-20 13:18:30] EDIT Project/views/default/display_your_form.html: 1
[2016-04-20 14:23:19] EDIT Project/controllers/default.py: 3
[2016-04-20 14:23:53] EDIT Project/views/default/load_ques.html: 3
[2016-04-20 14:26:26] EDIT Project/controllers/default.py: 3
[2016-04-20 14:27:58] CREATE default/moderate_deck.html: 0
[2016-04-20 14:28:24] EDIT Project/views/default/moderate_deck.html: 131
[2016-04-20 14:28:36] CREATE default/difficult_deck.html: 0
[2016-04-20 14:28:52] EDIT Project/views/default/difficult_deck.html: 131
[2016-04-20 14:30:08] EDIT Project/controllers/default.py: 0
[2016-04-20 14:30:56] EDIT Project/views/default/start_test.html: 3
[2016-04-20 14:33:07] EDIT Project/views/default/deck_page.html: 6
[2016-04-20 14:33:48] EDIT Project/views/default/deck_page.html: -3
[2016-04-20 14:35:53] EDIT Project/views/default/moderate_deck.html: -4
[2016-04-20 14:36:08] EDIT Project/views/default/easy_deck.html: 0
[2016-04-20 14:36:27] EDIT Project/views/default/difficult_deck.html: 0
[2016-04-20 14:38:34] EDIT Project/controllers/default.py: 3
[2016-04-20 14:42:25] EDIT Project/views/default/show_ans.html: 3
[2016-04-20 14:43:30] EDIT Project/views/default/show_ans.html: 0
